============================================================
SOLUS PROTOCOL - RUNNING TEST SCENARIOS
============================================================
Total scenarios: 12
Delay between scenarios: 30 seconds
============================================================

[1/12] Anchoring: Vitals Check 1
  SUCCESS: a0c09ad57d6f1d64839667dd681777a5...
  Waiting 30 seconds before next scenario...

[2/12] Anchoring: Lab Results 1
  SUCCESS: da8da422d27c98d95550dca72a2ee2e0...
  Waiting 30 seconds before next scenario...

[3/12] Anchoring: Post-Op Recovery
  SUCCESS: cd53a82ff61e9b3bedaaef3a761ee2a0...
  Waiting 30 seconds before next scenario...

[4/12] Anchoring: MRI Imaging
  SUCCESS: 0742b232a1ed4b4e4399283556ebf4fb...
  Waiting 30 seconds before next scenario...

[5/12] Anchoring: Discharge Note
  SUCCESS: 07352e57c1fc181801dfca7e15774fcd...
  Waiting 30 seconds before next scenario...

[6/12] Anchoring: Mental Health Eval
  SUCCESS: b721f0538b667530f7220013fb126676...
  Waiting 30 seconds before next scenario...

[7/12] Anchoring: Emergency Visit
  SUCCESS: 80daa8f71c8db3c7177ff2a06ef50f87...
  Waiting 30 seconds before next scenario...

[8/12] Anchoring: Prescription Rx
  ERROR: Failed to submit fee payment: 
  Waiting 30 seconds before next scenario...

[9/12] Anchoring: Surgery Report
  SUCCESS: bc473657f07ca06c076b4b48be034dbb...
  Waiting 30 seconds before next scenario...

[10/12] Anchoring: Telemedicine Call
  SUCCESS: 84fa13a793f47fb946c0b47694c1ff5c...
  Waiting 30 seconds before next scenario...

[11/12] Anchoring: Pediatric Vaccine
  SUCCESS: c0e5662ad8baad26cf15a00436fc3b2e...
  Waiting 30 seconds before next scenario...

[12/12] Anchoring: X-Ray Report
  SUCCESS: d8dee7a7d1bd43fc6f9e7296911c71e5...

============================================================
ALL SCENARIOS COMPLETE!
View metrics at: https://solusprotocol.com/metrics.html
============================================================
